<?xml version="1.0" encoding="UTF-8"?>
<!-- Generated by org.testng.reporters.JUnitReportReporter -->
<testsuite skipped="0" hostname="Johnny" name="com.sample.maven.mvntest.tests" tests="1" failures="0" timestamp="14 Dec 2020 05:49:15 GMT" time="6.388" errors="0">
  <testcase name="testSpaceXEndpoint" time="6.388" classname="com.sample.maven.mvntest.tests"/>
</testsuite> <!-- com.sample.maven.mvntest.tests -->
